2018-06-02 18:50:44,909 INFO o.a.j.u.JMeterUtils: Setting Locale to en_EN
2018-06-02 18:50:44,924 INFO o.a.j.JMeter: Loading user properties from: /usr/local/jmeter-4.0/bin/user.properties
2018-06-02 18:50:44,925 INFO o.a.j.JMeter: Loading system properties from: /usr/local/jmeter-4.0/bin/system.properties
2018-06-02 18:50:44,930 INFO o.a.j.JMeter: Copyright (c) 1998-2018 The Apache Software Foundation
2018-06-02 18:50:44,930 INFO o.a.j.JMeter: Version 4.0 r1823414
2018-06-02 18:50:44,930 INFO o.a.j.JMeter: java.version=1.8.0_25
2018-06-02 18:50:44,930 INFO o.a.j.JMeter: java.vm.name=Java HotSpot(TM) 64-Bit Server VM
2018-06-02 18:50:44,930 INFO o.a.j.JMeter: os.name=Linux
2018-06-02 18:50:44,930 INFO o.a.j.JMeter: os.arch=amd64
2018-06-02 18:50:44,930 INFO o.a.j.JMeter: os.version=3.10.0-514.10.2.el7.x86_64
2018-06-02 18:50:44,930 INFO o.a.j.JMeter: file.encoding=UTF-8
2018-06-02 18:50:44,931 INFO o.a.j.JMeter: Max memory     =1073741824
2018-06-02 18:50:44,931 INFO o.a.j.JMeter: Available Processors =2
2018-06-02 18:50:44,935 INFO o.a.j.JMeter: Default Locale=English (EN)
2018-06-02 18:50:44,936 INFO o.a.j.JMeter: JMeter  Locale=English (EN)
2018-06-02 18:50:44,936 INFO o.a.j.JMeter: JMeterHome=/usr/local/jmeter-4.0
2018-06-02 18:50:44,936 INFO o.a.j.JMeter: user.dir  =/usr/local/jmeter-4.0/test/lnmp_yache
2018-06-02 18:50:44,936 INFO o.a.j.JMeter: PWD       =/usr/local/jmeter-4.0/test/lnmp_yache
2018-06-02 18:50:44,936 INFO o.a.j.JMeter: IP: 127.0.1.1 Name: i-rizn0nf0 FullName: i-rizn0nf0
2018-06-02 18:50:44,939 INFO o.a.j.s.FileServer: Default base='/usr/local/jmeter-4.0/test/lnmp_yache'
2018-06-02 18:50:44,945 INFO o.a.j.s.FileServer: Set new base='/usr/local/jmeter-4.0/test/lnmp_yache/./web/jmx'
2018-06-02 18:50:45,092 INFO o.a.j.s.SaveService: Testplan (JMX) version: 2.2. Testlog (JTL) version: 2.2
2018-06-02 18:50:45,107 INFO o.a.j.s.SaveService: Using SaveService properties file encoding UTF-8
2018-06-02 18:50:45,111 INFO o.a.j.s.SaveService: Using SaveService properties version 4.0
2018-06-02 18:50:45,118 INFO o.a.j.s.SaveService: Loading file: ./web/jmx/60_root.jmx
2018-06-02 18:50:45,164 INFO o.a.j.p.h.s.HTTPSamplerBase: Parser for text/html is org.apache.jmeter.protocol.http.parser.LagartoBasedHtmlParser
2018-06-02 18:50:45,164 INFO o.a.j.p.h.s.HTTPSamplerBase: Parser for application/xhtml+xml is org.apache.jmeter.protocol.http.parser.LagartoBasedHtmlParser
2018-06-02 18:50:45,164 INFO o.a.j.p.h.s.HTTPSamplerBase: Parser for application/xml is org.apache.jmeter.protocol.http.parser.LagartoBasedHtmlParser
2018-06-02 18:50:45,164 INFO o.a.j.p.h.s.HTTPSamplerBase: Parser for text/xml is org.apache.jmeter.protocol.http.parser.LagartoBasedHtmlParser
2018-06-02 18:50:45,164 INFO o.a.j.p.h.s.HTTPSamplerBase: Parser for text/vnd.wap.wml is org.apache.jmeter.protocol.http.parser.RegexpHTMLParser
2018-06-02 18:50:45,164 INFO o.a.j.p.h.s.HTTPSamplerBase: Parser for text/css is org.apache.jmeter.protocol.http.parser.CssParser
2018-06-02 18:50:45,184 INFO o.a.j.JMeter: Creating summariser <summary>
2018-06-02 18:50:45,191 INFO o.a.j.e.StandardJMeterEngine: Running the test!
2018-06-02 18:50:45,191 INFO o.a.j.s.SampleEvent: List of sample_variables: []
2018-06-02 18:50:45,191 INFO o.a.j.s.SampleEvent: List of sample_variables: []
2018-06-02 18:50:45,195 INFO o.a.j.e.u.CompoundVariable: Note: Function class names must contain the string: '.functions.'
2018-06-02 18:50:45,195 INFO o.a.j.e.u.CompoundVariable: Note: Function class names must not contain the string: '.gui.'
2018-06-02 18:50:45,690 INFO o.a.j.JMeter: Running test (1527936645690)
2018-06-02 18:50:45,743 INFO o.a.j.e.StandardJMeterEngine: Starting ThreadGroup: 1 : 60
2018-06-02 18:50:45,744 INFO o.a.j.e.StandardJMeterEngine: Starting 60 threads for group 60.
2018-06-02 18:50:45,744 INFO o.a.j.e.StandardJMeterEngine: Thread will continue on error
2018-06-02 18:50:45,744 INFO o.a.j.t.ThreadGroup: Starting thread group... number=1 threads=60 ramp-up=10 perThread=166.66667 delayedStart=false
2018-06-02 18:50:45,752 INFO o.a.j.t.JMeterThread: Thread started: 60 1-1
2018-06-02 18:50:45,779 INFO o.a.j.p.h.s.HTTPHCAbstractImpl: Local host = i-rizn0nf0
2018-06-02 18:50:45,785 INFO o.a.j.p.h.s.HTTPHC4Impl: HTTP request retry count = 0
2018-06-02 18:50:45,793 INFO o.a.j.s.SampleResult: Note: Sample TimeStamps are START times
2018-06-02 18:50:45,793 INFO o.a.j.s.SampleResult: sampleresult.default.encoding is set to ISO-8859-1
2018-06-02 18:50:45,793 INFO o.a.j.s.SampleResult: sampleresult.useNanoTime=true
2018-06-02 18:50:45,793 INFO o.a.j.s.SampleResult: sampleresult.nanoThreadSleep=5000
2018-06-02 18:50:45,808 INFO o.a.j.t.ThreadGroup: Started thread group number 1
2018-06-02 18:50:45,809 INFO o.a.j.e.StandardJMeterEngine: All thread groups have been started
2018-06-02 18:50:45,918 INFO o.a.j.t.JMeterThread: Thread started: 60 1-2
2018-06-02 18:50:46,085 INFO o.a.j.t.JMeterThread: Thread started: 60 1-3
2018-06-02 18:50:46,254 INFO o.a.j.t.JMeterThread: Thread started: 60 1-4
2018-06-02 18:50:46,420 INFO o.a.j.t.JMeterThread: Thread started: 60 1-5
2018-06-02 18:50:46,587 INFO o.a.j.t.JMeterThread: Thread started: 60 1-6
2018-06-02 18:50:46,755 INFO o.a.j.t.JMeterThread: Thread started: 60 1-7
2018-06-02 18:50:46,921 INFO o.a.j.t.JMeterThread: Thread started: 60 1-8
2018-06-02 18:50:47,088 INFO o.a.j.t.JMeterThread: Thread started: 60 1-9
2018-06-02 18:50:47,256 INFO o.a.j.t.JMeterThread: Thread started: 60 1-10
2018-06-02 18:50:47,423 INFO o.a.j.t.JMeterThread: Thread started: 60 1-11
2018-06-02 18:50:47,590 INFO o.a.j.t.JMeterThread: Thread started: 60 1-12
2018-06-02 18:50:47,758 INFO o.a.j.t.JMeterThread: Thread started: 60 1-13
2018-06-02 18:50:47,926 INFO o.a.j.t.JMeterThread: Thread started: 60 1-14
2018-06-02 18:50:48,096 INFO o.a.j.t.JMeterThread: Thread started: 60 1-15
2018-06-02 18:50:48,263 INFO o.a.j.t.JMeterThread: Thread started: 60 1-16
2018-06-02 18:50:48,429 INFO o.a.j.t.JMeterThread: Thread started: 60 1-17
2018-06-02 18:50:48,597 INFO o.a.j.t.JMeterThread: Thread started: 60 1-18
2018-06-02 18:50:48,764 INFO o.a.j.t.JMeterThread: Thread started: 60 1-19
2018-06-02 18:50:48,930 INFO o.a.j.t.JMeterThread: Thread started: 60 1-20
2018-06-02 18:50:49,098 INFO o.a.j.t.JMeterThread: Thread started: 60 1-21
2018-06-02 18:50:49,265 INFO o.a.j.t.JMeterThread: Thread started: 60 1-22
2018-06-02 18:50:49,431 INFO o.a.j.t.JMeterThread: Thread started: 60 1-23
2018-06-02 18:50:49,604 INFO o.a.j.t.JMeterThread: Thread started: 60 1-24
2018-06-02 18:50:49,772 INFO o.a.j.t.JMeterThread: Thread started: 60 1-25
2018-06-02 18:50:49,940 INFO o.a.j.t.JMeterThread: Thread started: 60 1-26
2018-06-02 18:50:50,108 INFO o.a.j.t.JMeterThread: Thread started: 60 1-27
2018-06-02 18:50:50,276 INFO o.a.j.t.JMeterThread: Thread started: 60 1-28
2018-06-02 18:50:50,452 INFO o.a.j.t.JMeterThread: Thread started: 60 1-29
2018-06-02 18:50:50,626 INFO o.a.j.t.JMeterThread: Thread started: 60 1-30
2018-06-02 18:50:50,794 INFO o.a.j.t.JMeterThread: Thread started: 60 1-31
2018-06-02 18:50:50,961 INFO o.a.j.t.JMeterThread: Thread started: 60 1-32
2018-06-02 18:50:51,130 INFO o.a.j.t.JMeterThread: Thread started: 60 1-33
2018-06-02 18:50:51,296 INFO o.a.j.t.JMeterThread: Thread started: 60 1-34
2018-06-02 18:50:51,463 INFO o.a.j.t.JMeterThread: Thread started: 60 1-35
2018-06-02 18:50:51,631 INFO o.a.j.t.JMeterThread: Thread started: 60 1-36
2018-06-02 18:50:51,799 INFO o.a.j.t.JMeterThread: Thread started: 60 1-37
2018-06-02 18:50:51,966 INFO o.a.j.t.JMeterThread: Thread started: 60 1-38
2018-06-02 18:50:52,133 INFO o.a.j.t.JMeterThread: Thread started: 60 1-39
2018-06-02 18:50:52,300 INFO o.a.j.t.JMeterThread: Thread started: 60 1-40
2018-06-02 18:50:52,467 INFO o.a.j.t.JMeterThread: Thread started: 60 1-41
2018-06-02 18:50:52,634 INFO o.a.j.t.JMeterThread: Thread started: 60 1-42
2018-06-02 18:50:52,805 INFO o.a.j.t.JMeterThread: Thread started: 60 1-43
2018-06-02 18:50:52,970 INFO o.a.j.t.JMeterThread: Thread started: 60 1-44
2018-06-02 18:50:53,138 INFO o.a.j.t.JMeterThread: Thread started: 60 1-45
2018-06-02 18:50:53,306 INFO o.a.j.t.JMeterThread: Thread started: 60 1-46
2018-06-02 18:50:53,471 INFO o.a.j.t.JMeterThread: Thread started: 60 1-47
2018-06-02 18:50:53,639 INFO o.a.j.t.JMeterThread: Thread started: 60 1-48
2018-06-02 18:50:53,806 INFO o.a.j.t.JMeterThread: Thread started: 60 1-49
2018-06-02 18:50:53,972 INFO o.a.j.t.JMeterThread: Thread started: 60 1-50
2018-06-02 18:50:54,139 INFO o.a.j.t.JMeterThread: Thread started: 60 1-51
2018-06-02 18:50:54,307 INFO o.a.j.t.JMeterThread: Thread started: 60 1-52
2018-06-02 18:50:54,473 INFO o.a.j.t.JMeterThread: Thread started: 60 1-53
2018-06-02 18:50:54,640 INFO o.a.j.t.JMeterThread: Thread started: 60 1-54
2018-06-02 18:50:54,807 INFO o.a.j.t.JMeterThread: Thread started: 60 1-55
2018-06-02 18:50:54,974 INFO o.a.j.t.JMeterThread: Thread started: 60 1-56
2018-06-02 18:50:55,141 INFO o.a.j.t.JMeterThread: Thread started: 60 1-57
2018-06-02 18:50:55,308 INFO o.a.j.t.JMeterThread: Thread started: 60 1-58
2018-06-02 18:50:55,474 INFO o.a.j.t.JMeterThread: Thread started: 60 1-59
2018-06-02 18:50:55,643 INFO o.a.j.t.JMeterThread: Thread started: 60 1-60
2018-06-02 18:51:00,044 INFO o.a.j.r.Summariser: summary +    134 in 00:00:14 =    9.3/s Avg:  3009 Min:   172 Max:  7586 Err:     0 (0.00%) Active: 60 Started: 60 Finished: 0
2018-06-02 18:51:07,920 INFO o.a.j.t.JMeterThread: Thread is done: 60 1-3
2018-06-02 18:51:07,920 INFO o.a.j.t.JMeterThread: Thread finished: 60 1-3
2018-06-02 18:51:12,652 INFO o.a.j.t.JMeterThread: Thread is done: 60 1-1
2018-06-02 18:51:12,652 INFO o.a.j.t.JMeterThread: Thread finished: 60 1-1
2018-06-02 18:51:13,829 INFO o.a.j.t.JMeterThread: Thread is done: 60 1-2
2018-06-02 18:51:13,830 INFO o.a.j.t.JMeterThread: Thread finished: 60 1-2
2018-06-02 18:51:19,489 INFO o.a.j.t.JMeterThread: Thread is done: 60 1-5
2018-06-02 18:51:19,490 INFO o.a.j.t.JMeterThread: Thread finished: 60 1-5
2018-06-02 18:51:25,606 INFO o.a.j.t.JMeterThread: Thread is done: 60 1-8
2018-06-02 18:51:25,606 INFO o.a.j.t.JMeterThread: Thread finished: 60 1-8
2018-06-02 18:51:25,913 INFO o.a.j.t.JMeterThread: Thread is done: 60 1-10
2018-06-02 18:51:25,914 INFO o.a.j.t.JMeterThread: Thread finished: 60 1-10
2018-06-02 18:51:26,345 INFO o.a.j.t.JMeterThread: Thread is done: 60 1-11
2018-06-02 18:51:26,345 INFO o.a.j.t.JMeterThread: Thread finished: 60 1-11
2018-06-02 18:51:27,420 INFO o.a.j.t.JMeterThread: Thread is done: 60 1-7
2018-06-02 18:51:27,420 INFO o.a.j.t.JMeterThread: Thread finished: 60 1-7
2018-06-02 18:51:27,907 INFO o.a.j.t.JMeterThread: Thread is done: 60 1-9
2018-06-02 18:51:27,907 INFO o.a.j.t.JMeterThread: Thread finished: 60 1-9
2018-06-02 18:51:27,936 INFO o.a.j.t.JMeterThread: Thread is done: 60 1-17
2018-06-02 18:51:27,936 INFO o.a.j.t.JMeterThread: Thread finished: 60 1-17
2018-06-02 18:51:28,649 INFO o.a.j.t.JMeterThread: Thread is done: 60 1-4
2018-06-02 18:51:28,649 INFO o.a.j.t.JMeterThread: Thread finished: 60 1-4
2018-06-02 18:51:29,746 INFO o.a.j.t.JMeterThread: Thread is done: 60 1-6
2018-06-02 18:51:29,746 INFO o.a.j.t.JMeterThread: Thread finished: 60 1-6
2018-06-02 18:51:30,137 INFO o.a.j.r.Summariser: summary +    355 in 00:00:30 =   11.8/s Avg:  4990 Min:  3005 Max: 13760 Err:    10 (2.82%) Active: 48 Started: 60 Finished: 12
2018-06-02 18:51:30,137 INFO o.a.j.r.Summariser: summary =    489 in 00:00:44 =   11.0/s Avg:  4448 Min:   172 Max: 13760 Err:    10 (2.04%)
2018-06-02 18:51:30,429 INFO o.a.j.t.JMeterThread: Thread is done: 60 1-13
2018-06-02 18:51:30,429 INFO o.a.j.t.JMeterThread: Thread finished: 60 1-13
2018-06-02 18:51:30,433 INFO o.a.j.t.JMeterThread: Thread is done: 60 1-12
2018-06-02 18:51:30,433 INFO o.a.j.t.JMeterThread: Thread finished: 60 1-12
2018-06-02 18:51:31,712 INFO o.a.j.t.JMeterThread: Thread is done: 60 1-23
2018-06-02 18:51:31,712 INFO o.a.j.t.JMeterThread: Thread finished: 60 1-23
2018-06-02 18:51:32,237 INFO o.a.j.t.JMeterThread: Thread is done: 60 1-15
2018-06-02 18:51:32,237 INFO o.a.j.t.JMeterThread: Thread finished: 60 1-15
2018-06-02 18:51:32,281 INFO o.a.j.t.JMeterThread: Thread is done: 60 1-40
2018-06-02 18:51:32,281 INFO o.a.j.t.JMeterThread: Thread finished: 60 1-40
2018-06-02 18:51:32,522 INFO o.a.j.t.JMeterThread: Thread is done: 60 1-19
2018-06-02 18:51:32,522 INFO o.a.j.t.JMeterThread: Thread finished: 60 1-19
2018-06-02 18:51:33,037 INFO o.a.j.t.JMeterThread: Thread is done: 60 1-14
2018-06-02 18:51:33,037 INFO o.a.j.t.JMeterThread: Thread finished: 60 1-14
2018-06-02 18:51:33,993 INFO o.a.j.t.JMeterThread: Thread is done: 60 1-21
2018-06-02 18:51:33,993 INFO o.a.j.t.JMeterThread: Thread finished: 60 1-21
2018-06-02 18:51:34,401 INFO o.a.j.t.JMeterThread: Thread is done: 60 1-20
2018-06-02 18:51:34,401 INFO o.a.j.t.JMeterThread: Thread finished: 60 1-20
2018-06-02 18:51:34,502 INFO o.a.j.t.JMeterThread: Thread is done: 60 1-25
2018-06-02 18:51:34,502 INFO o.a.j.t.JMeterThread: Thread finished: 60 1-25
2018-06-02 18:51:34,510 INFO o.a.j.t.JMeterThread: Thread is done: 60 1-16
2018-06-02 18:51:34,510 INFO o.a.j.t.JMeterThread: Thread finished: 60 1-16
2018-06-02 18:51:34,652 INFO o.a.j.t.JMeterThread: Thread is done: 60 1-34
2018-06-02 18:51:34,652 INFO o.a.j.t.JMeterThread: Thread finished: 60 1-34
2018-06-02 18:51:34,707 INFO o.a.j.t.JMeterThread: Thread is done: 60 1-46
2018-06-02 18:51:34,707 INFO o.a.j.t.JMeterThread: Thread finished: 60 1-46
2018-06-02 18:51:34,732 INFO o.a.j.t.JMeterThread: Thread is done: 60 1-27
2018-06-02 18:51:34,732 INFO o.a.j.t.JMeterThread: Thread finished: 60 1-27
2018-06-02 18:51:34,752 INFO o.a.j.t.JMeterThread: Thread is done: 60 1-28
2018-06-02 18:51:34,752 INFO o.a.j.t.JMeterThread: Thread finished: 60 1-28
2018-06-02 18:51:34,995 INFO o.a.j.t.JMeterThread: Thread is done: 60 1-31
2018-06-02 18:51:34,995 INFO o.a.j.t.JMeterThread: Thread finished: 60 1-31
2018-06-02 18:51:35,026 INFO o.a.j.t.JMeterThread: Thread is done: 60 1-33
2018-06-02 18:51:35,026 INFO o.a.j.t.JMeterThread: Thread finished: 60 1-33
2018-06-02 18:51:35,438 INFO o.a.j.t.JMeterThread: Thread is done: 60 1-29
2018-06-02 18:51:35,438 INFO o.a.j.t.JMeterThread: Thread finished: 60 1-29
2018-06-02 18:51:35,517 INFO o.a.j.t.JMeterThread: Thread is done: 60 1-48
2018-06-02 18:51:35,518 INFO o.a.j.t.JMeterThread: Thread finished: 60 1-48
2018-06-02 18:51:35,577 INFO o.a.j.t.JMeterThread: Thread is done: 60 1-37
2018-06-02 18:51:35,577 INFO o.a.j.t.JMeterThread: Thread finished: 60 1-37
2018-06-02 18:51:35,592 INFO o.a.j.t.JMeterThread: Thread is done: 60 1-26
2018-06-02 18:51:35,592 INFO o.a.j.t.JMeterThread: Thread finished: 60 1-26
2018-06-02 18:51:35,604 INFO o.a.j.t.JMeterThread: Thread is done: 60 1-22
2018-06-02 18:51:35,604 INFO o.a.j.t.JMeterThread: Thread finished: 60 1-22
2018-06-02 18:51:35,739 INFO o.a.j.t.JMeterThread: Thread is done: 60 1-39
2018-06-02 18:51:35,740 INFO o.a.j.t.JMeterThread: Thread finished: 60 1-39
2018-06-02 18:51:36,071 INFO o.a.j.t.JMeterThread: Thread is done: 60 1-42
2018-06-02 18:51:36,071 INFO o.a.j.t.JMeterThread: Thread finished: 60 1-42
2018-06-02 18:51:36,077 INFO o.a.j.t.JMeterThread: Thread is done: 60 1-47
2018-06-02 18:51:36,077 INFO o.a.j.t.JMeterThread: Thread finished: 60 1-47
2018-06-02 18:51:36,210 INFO o.a.j.t.JMeterThread: Thread is done: 60 1-44
2018-06-02 18:51:36,210 INFO o.a.j.t.JMeterThread: Thread finished: 60 1-44
2018-06-02 18:51:36,378 INFO o.a.j.t.JMeterThread: Thread is done: 60 1-32
2018-06-02 18:51:36,378 INFO o.a.j.t.JMeterThread: Thread finished: 60 1-32
2018-06-02 18:51:36,520 INFO o.a.j.t.JMeterThread: Thread is done: 60 1-56
2018-06-02 18:51:36,520 INFO o.a.j.t.JMeterThread: Thread finished: 60 1-56
2018-06-02 18:51:36,633 INFO o.a.j.t.JMeterThread: Thread is done: 60 1-52
2018-06-02 18:51:36,633 INFO o.a.j.t.JMeterThread: Thread finished: 60 1-52
2018-06-02 18:51:37,093 INFO o.a.j.t.JMeterThread: Thread is done: 60 1-18
2018-06-02 18:51:37,093 INFO o.a.j.t.JMeterThread: Thread finished: 60 1-18
2018-06-02 18:51:37,103 INFO o.a.j.t.JMeterThread: Thread is done: 60 1-30
2018-06-02 18:51:37,103 INFO o.a.j.t.JMeterThread: Thread finished: 60 1-30
2018-06-02 18:51:37,135 INFO o.a.j.t.JMeterThread: Thread is done: 60 1-36
2018-06-02 18:51:37,136 INFO o.a.j.t.JMeterThread: Thread finished: 60 1-36
2018-06-02 18:51:37,145 INFO o.a.j.t.JMeterThread: Thread is done: 60 1-51
2018-06-02 18:51:37,145 INFO o.a.j.t.JMeterThread: Thread finished: 60 1-51
2018-06-02 18:51:37,223 INFO o.a.j.t.JMeterThread: Thread is done: 60 1-59
2018-06-02 18:51:37,223 INFO o.a.j.t.JMeterThread: Thread finished: 60 1-59
2018-06-02 18:51:37,262 INFO o.a.j.t.JMeterThread: Thread is done: 60 1-35
2018-06-02 18:51:37,262 INFO o.a.j.t.JMeterThread: Thread finished: 60 1-35
2018-06-02 18:51:37,271 INFO o.a.j.t.JMeterThread: Thread is done: 60 1-53
2018-06-02 18:51:37,271 INFO o.a.j.t.JMeterThread: Thread finished: 60 1-53
2018-06-02 18:51:37,382 INFO o.a.j.t.JMeterThread: Thread is done: 60 1-54
2018-06-02 18:51:37,382 INFO o.a.j.t.JMeterThread: Thread finished: 60 1-54
2018-06-02 18:51:37,392 INFO o.a.j.t.JMeterThread: Thread is done: 60 1-41
2018-06-02 18:51:37,392 INFO o.a.j.t.JMeterThread: Thread finished: 60 1-41
2018-06-02 18:51:37,395 INFO o.a.j.t.JMeterThread: Thread is done: 60 1-49
2018-06-02 18:51:37,395 INFO o.a.j.t.JMeterThread: Thread finished: 60 1-49
2018-06-02 18:51:37,477 INFO o.a.j.t.JMeterThread: Thread is done: 60 1-43
2018-06-02 18:51:37,477 INFO o.a.j.t.JMeterThread: Thread finished: 60 1-43
2018-06-02 18:51:37,545 INFO o.a.j.t.JMeterThread: Thread is done: 60 1-50
2018-06-02 18:51:37,545 INFO o.a.j.t.JMeterThread: Thread finished: 60 1-50
2018-06-02 18:51:37,547 INFO o.a.j.t.JMeterThread: Thread is done: 60 1-60
2018-06-02 18:51:37,547 INFO o.a.j.t.JMeterThread: Thread finished: 60 1-60
2018-06-02 18:51:37,552 INFO o.a.j.t.JMeterThread: Thread is done: 60 1-57
2018-06-02 18:51:37,552 INFO o.a.j.t.JMeterThread: Thread finished: 60 1-57
2018-06-02 18:51:37,613 INFO o.a.j.t.JMeterThread: Thread is done: 60 1-55
2018-06-02 18:51:37,613 INFO o.a.j.t.JMeterThread: Thread finished: 60 1-55
2018-06-02 18:51:37,689 INFO o.a.j.t.JMeterThread: Thread is done: 60 1-24
2018-06-02 18:51:37,689 INFO o.a.j.t.JMeterThread: Thread finished: 60 1-24
2018-06-02 18:51:37,713 INFO o.a.j.t.JMeterThread: Thread is done: 60 1-38
2018-06-02 18:51:37,713 INFO o.a.j.t.JMeterThread: Thread finished: 60 1-38
2018-06-02 18:51:37,754 INFO o.a.j.t.JMeterThread: Thread is done: 60 1-45
2018-06-02 18:51:37,754 INFO o.a.j.t.JMeterThread: Thread finished: 60 1-45
2018-06-02 18:51:37,929 INFO o.a.j.t.JMeterThread: Thread is done: 60 1-58
2018-06-02 18:51:37,929 INFO o.a.j.t.JMeterThread: Thread finished: 60 1-58
2018-06-02 18:51:37,930 INFO o.a.j.e.StandardJMeterEngine: Notifying test listeners of end of test
2018-06-02 18:51:37,931 INFO o.a.j.r.Summariser: summary +    111 in 00:00:08 =   14.2/s Avg:  3311 Min:    84 Max:  7640 Err:     3 (2.70%) Active: 0 Started: 60 Finished: 60
2018-06-02 18:51:37,931 INFO o.a.j.r.Summariser: summary =    600 in 00:00:52 =   11.5/s Avg:  4237 Min:    84 Max: 13760 Err:    13 (2.17%)
